<?xml version="1.0" encoding="UTF-8"?>
<testng-results ignored="0" total="3" passed="3" failed="0" skipped="0">
  <reporter-output>
  </reporter-output>
  <suite started-at="2025-06-19T23:17:37 ART" name="SMOKE" finished-at="2025-06-19T23:17:49 ART" duration-ms="12110">
    <groups>
    </groups>
    <test started-at="2025-06-19T23:17:37 ART" name="Búsqueda Correcta" finished-at="2025-06-19T23:17:45 ART" duration-ms="8911">
      <class name="Test.BuscadorTest">
        <test-method is-config="true" signature="SetUp()[pri:0, instance:Test.BuscadorTest@2aece37d]" started-at="2025-06-19T23:17:37 ART" name="SetUp" finished-at="2025-06-19T23:17:41 ART" duration-ms="4372" status="PASS">
          <reporter-output>
          </reporter-output>
        </test-method> <!-- SetUp -->
        <test-method signature="goToBuscador()[pri:0, instance:Test.BuscadorTest@2aece37d]" started-at="2025-06-19T23:17:41 ART" name="goToBuscador" finished-at="2025-06-19T23:17:45 ART" duration-ms="3916" status="PASS">
          <reporter-output>
          </reporter-output>
        </test-method> <!-- goToBuscador -->
        <test-method is-config="true" signature="tearDown()[pri:0, instance:Test.BuscadorTest@2aece37d]" started-at="2025-06-19T23:17:45 ART" name="tearDown" finished-at="2025-06-19T23:17:45 ART" duration-ms="606" status="PASS">
          <reporter-output>
          </reporter-output>
        </test-method> <!-- tearDown -->
      </class> <!-- Test.BuscadorTest -->
    </test> <!-- Búsqueda Correcta -->
    <test started-at="2025-06-19T23:17:37 ART" name="Noticia Correcta" finished-at="2025-06-19T23:17:46 ART" duration-ms="9709">
      <class name="Test.NoticiaTest">
        <test-method is-config="true" signature="SetUp()[pri:0, instance:Test.NoticiaTest@4f638935]" started-at="2025-06-19T23:17:37 ART" name="SetUp" finished-at="2025-06-19T23:17:41 ART" duration-ms="4517" status="PASS">
          <reporter-output>
          </reporter-output>
        </test-method> <!-- SetUp -->
        <test-method signature="goToNotica()[pri:0, instance:Test.NoticiaTest@4f638935]" started-at="2025-06-19T23:17:41 ART" name="goToNotica" finished-at="2025-06-19T23:17:46 ART" duration-ms="4958" status="PASS">
          <reporter-output>
          </reporter-output>
        </test-method> <!-- goToNotica -->
        <test-method is-config="true" signature="tearDown()[pri:0, instance:Test.NoticiaTest@4f638935]" started-at="2025-06-19T23:17:46 ART" name="tearDown" finished-at="2025-06-19T23:17:46 ART" duration-ms="223" status="PASS">
          <reporter-output>
          </reporter-output>
        </test-method> <!-- tearDown -->
      </class> <!-- Test.NoticiaTest -->
    </test> <!-- Noticia Correcta -->
    <test started-at="2025-06-19T23:17:37 ART" name="Red Social Correcta" finished-at="2025-06-19T23:17:49 ART" duration-ms="12110">
      <class name="Test.RedesTest">
        <test-method is-config="true" signature="SetUp()[pri:0, instance:Test.RedesTest@2cbb3d47]" started-at="2025-06-19T23:17:37 ART" name="SetUp" finished-at="2025-06-19T23:17:41 ART" duration-ms="4160" status="PASS">
          <reporter-output>
          </reporter-output>
        </test-method> <!-- SetUp -->
        <test-method signature="goToRedes()[pri:0, instance:Test.RedesTest@2cbb3d47]" started-at="2025-06-19T23:17:41 ART" name="goToRedes" finished-at="2025-06-19T23:17:48 ART" duration-ms="7649" status="PASS">
          <reporter-output>
          </reporter-output>
        </test-method> <!-- goToRedes -->
        <test-method is-config="true" signature="tearDown()[pri:0, instance:Test.RedesTest@2cbb3d47]" started-at="2025-06-19T23:17:48 ART" name="tearDown" finished-at="2025-06-19T23:17:49 ART" duration-ms="264" status="PASS">
          <reporter-output>
          </reporter-output>
        </test-method> <!-- tearDown -->
      </class> <!-- Test.RedesTest -->
    </test> <!-- Red Social Correcta -->
  </suite> <!-- SMOKE -->
</testng-results>
