<?xml version="1.0" encoding="UTF-8"?>
<testng-results ignored="0" total="1" passed="1" failed="0" skipped="0">
  <reporter-output>
  </reporter-output>
  <suite started-at="2025-06-24T20:52:37 ART" name="SMOKE" finished-at="2025-06-24T20:53:01 ART" duration-ms="23781">
    <groups>
    </groups>
    <test started-at="2025-06-24T20:52:37 ART" name="Flujo Completo de Navegación" finished-at="2025-06-24T20:53:01 ART" duration-ms="23781">
      <class name="Test.FlujoNavegacionTest">
        <test-method is-config="true" signature="SetUp()[pri:0, instance:Test.FlujoNavegacionTest@2aece37d]" started-at="2025-06-24T20:52:37 ART" name="SetUp" finished-at="2025-06-24T20:52:42 ART" duration-ms="4431" status="PASS">
          <reporter-output>
          </reporter-output>
        </test-method> <!-- SetUp -->
        <test-method signature="flujoCompleto()[pri:0, instance:Test.FlujoNavegacionTest@2aece37d]" started-at="2025-06-24T20:52:42 ART" name="flujoCompleto" finished-at="2025-06-24T20:53:01 ART" duration-ms="19084" status="PASS">
          <reporter-output>
          </reporter-output>
        </test-method> <!-- flujoCompleto -->
        <test-method is-config="true" signature="tearDown()[pri:0, instance:Test.FlujoNavegacionTest@2aece37d]" started-at="2025-06-24T20:53:01 ART" name="tearDown" finished-at="2025-06-24T20:53:01 ART" duration-ms="240" status="PASS">
          <reporter-output>
          </reporter-output>
        </test-method> <!-- tearDown -->
      </class> <!-- Test.FlujoNavegacionTest -->
    </test> <!-- Flujo Completo de Navegación -->
  </suite> <!-- SMOKE -->
</testng-results>
